Build started 4/5/2017 6:51:44 AM.
     1>Project "C:\Users\Ed\Documents\JUCE_Projects\JUCE_Projects\Time-Based\Builds\VisualStudio2015\Time-Based.vcxproj" on node 2 (Build target(s)).
     1>ClCompile:
         C:\Program Files (x86)\Microsoft Visual Studio 14.0\VC\bin\CL.exe /c /I..\..\JuceLibraryCode /I..\..\..\..\..\..\..\..\JUCE\modules /ZI /nologo /W4 /WX- /MP /Od /Oy- /D _CRT_SECURE_NO_WARNINGS /D WIN32 /D _WINDOWS /D DEBUG /D _DEBUG /D JUCER_VS2015_78A5022=1 /D JUCE_APP_VERSION=1.0.0 /D JUCE_APP_VERSION_HEX=0x10000 /D _WINDLL /Gm- /EHsc /MDd /GS /fp:precise /Zc:wchar_t /Zc:forScope /Zc:inline /GR /Fo"Debug\\" /Fd"Debug\\vc140.pdb" /Gd /TP /analyze- /errorReport:prompt ..\..\Source\SimpleDelay.cpp
         SimpleDelay.cpp
     1>c:\users\ed\documents\juce_projects\juce_projects\time-based\source\simpledelay.cpp(33): warning C4244: '=': conversion from 'double' to 'int', possible loss of data
     1>c:\users\ed\documents\juce_projects\juce_projects\time-based\source\simpledelay.cpp(57): warning C4244: '=': conversion from 'double' to 'int', possible loss of data
       Link:
         C:\Program Files (x86)\Microsoft Visual Studio 14.0\VC\bin\link.exe /ERRORREPORT:PROMPT /OUT:"C:\Users\Ed\Documents\JUCE_Projects\JUCE_Projects\Time-Based\Builds\VisualStudio2015\Debug\\Time-Based.dll" /NOLOGO kernel32.lib user32.lib gdi32.lib winspool.lib comdlg32.lib advapi32.lib shell32.lib ole32.lib oleaut32.lib uuid.lib odbc32.lib odbccp32.lib /NODEFAULTLIB:libcmt.lib /NODEFAULTLIB:msvcrt.lib /MANIFEST /MANIFESTUAC:"level='asInvoker' uiAccess='false'" /manifest:embed /Debug /PDB:"Debug\\Time-Based.pdb" /SUBSYSTEM:WINDOWS /LARGEADDRESSAWARE /TLBID:1 /DYNAMICBASE /NXCOMPAT /IMPLIB:"C:\Users\Ed\Documents\JUCE_Projects\JUCE_Projects\Time-Based\Builds\VisualStudio2015\Debug\Time-Based.lib" /MACHINE:X86 /SAFESEH:NO /DLL Debug\resources.res
         Debug\\SimpleDelay.obj
         Debug\\PluginProcessor.obj
         Debug\\PluginEditor.obj
         Debug\\juce_audio_basics.obj
         Debug\\juce_audio_devices.obj
         Debug\\juce_audio_formats.obj
         Debug\\juce_audio_plugin_client_utils.obj
         Debug\\juce_audio_plugin_client_VST2.obj
         Debug\\juce_audio_processors.obj
         Debug\\juce_core.obj
         Debug\\juce_cryptography.obj
         Debug\\juce_data_structures.obj
         Debug\\juce_events.obj
         Debug\\juce_graphics.obj
         Debug\\juce_gui_basics.obj
         Debug\\juce_gui_extra.obj
         Debug\\juce_opengl.obj
         Debug\\juce_video.obj
         Time-Based.vcxproj -> C:\Users\Ed\Documents\JUCE_Projects\JUCE_Projects\Time-Based\Builds\VisualStudio2015\Debug\Time-Based.dll
     1>Done Building Project "C:\Users\Ed\Documents\JUCE_Projects\JUCE_Projects\Time-Based\Builds\VisualStudio2015\Time-Based.vcxproj" (Build target(s)).

Build succeeded.

Time Elapsed 00:00:00.89
