Build started 1/29/2017 1:32:50 AM.
     1>Project "C:\Users\Ed\Documents\JUCE_Projects\SineWaveAdditive\Builds\VisualStudio2015\SineWaveAdditive.vcxproj" on node 2 (Build target(s)).
     1>ClCompile:
         C:\Program Files (x86)\Microsoft Visual Studio 14.0\VC\bin\CL.exe /c /I..\..\JuceLibraryCode /I..\..\..\..\..\..\..\JUCE\modules /ZI /nologo /W4 /WX- /MP /Od /Oy- /D _CRT_SECURE_NO_WARNINGS /D WIN32 /D _WINDOWS /D DEBUG /D _DEBUG /D JUCER_VS2015_78A5022=1 /D JUCE_APP_VERSION=1.0.0 /D JUCE_APP_VERSION_HEX=0x10000 /Gm- /EHsc /MTd /GS /fp:precise /Zc:wchar_t /Zc:forScope /Zc:inline /GR /Fo"Debug\\" /Fd"Debug\\vc140.pdb" /Gd /TP /analyze- /errorReport:prompt ..\..\Source\MainComponent.cpp
         MainComponent.cpp
     1>c:\users\ed\documents\juce_projects\sinewaveadditive\source\maincomponent.cpp(96): warning C4100: 'samplesPerBlockExpected': unreferenced formal parameter
     1>c:\users\ed\documents\juce_projects\sinewaveadditive\source\maincomponent.cpp(129): warning C4244: '=': conversion from 'double' to 'float', possible loss of data
     1>c:\users\ed\documents\juce_projects\sinewaveadditive\source\maincomponent.cpp(147): warning C4244: '=': conversion from 'double' to 'float', possible loss of data
     1>c:\users\ed\documents\juce_projects\sinewaveadditive\source\maincomponent.cpp(160): warning C4244: '=': conversion from 'double' to 'float', possible loss of data
     1>c:\users\ed\documents\juce_projects\sinewaveadditive\source\maincomponent.cpp(215): warning C4100: 'g': unreferenced formal parameter
     1>c:\users\ed\documents\juce_projects\sinewaveadditive\source\maincomponent.cpp(179): warning C4706: assignment within conditional expression
     1>c:\users\ed\documents\juce_projects\sinewaveadditive\source\maincomponent.cpp(184): warning C4706: assignment within conditional expression
     1>c:\users\ed\documents\juce_projects\sinewaveadditive\source\maincomponent.cpp(189): warning C4706: assignment within conditional expression
     1>c:\users\ed\documents\juce_projects\sinewaveadditive\source\maincomponent.cpp(194): warning C4706: assignment within conditional expression
       Link:
         C:\Program Files (x86)\Microsoft Visual Studio 14.0\VC\bin\link.exe /ERRORREPORT:PROMPT /OUT:"C:\Users\Ed\Documents\JUCE_Projects\SineWaveAdditive\Builds\VisualStudio2015\Debug\\SineWaveAdditive.exe" /NOLOGO kernel32.lib user32.lib gdi32.lib winspool.lib comdlg32.lib advapi32.lib shell32.lib ole32.lib oleaut32.lib uuid.lib odbc32.lib odbccp32.lib /NODEFAULTLIB:libcmt.lib /NODEFAULTLIB:msvcrt.lib /MANIFEST /MANIFESTUAC:"level='asInvoker' uiAccess='false'" /manifest:embed /Debug /PDB:"Debug\\SineWaveAdditive.pdb" /SUBSYSTEM:WINDOWS /LARGEADDRESSAWARE /TLBID:1 /DYNAMICBASE /NXCOMPAT /IMPLIB:"C:\Users\Ed\Documents\JUCE_Projects\SineWaveAdditive\Builds\VisualStudio2015\Debug\SineWaveAdditive.lib" /MACHINE:X86 /SAFESEH:NO Debug\resources.res
         Debug\\MainComponent.obj
         Debug\\Main.obj
         Debug\\juce_audio_basics.obj
         Debug\\juce_audio_devices.obj
         Debug\\juce_audio_formats.obj
         Debug\\juce_audio_processors.obj
         Debug\\juce_audio_utils.obj
         Debug\\juce_core.obj
         Debug\\juce_cryptography.obj
         Debug\\juce_data_structures.obj
         Debug\\juce_events.obj
         Debug\\juce_graphics.obj
         Debug\\juce_gui_basics.obj
         Debug\\juce_gui_extra.obj
         Debug\\juce_opengl.obj
         Debug\\juce_video.obj
         SineWaveAdditive.vcxproj -> C:\Users\Ed\Documents\JUCE_Projects\SineWaveAdditive\Builds\VisualStudio2015\Debug\SineWaveAdditive.exe
     1>Done Building Project "C:\Users\Ed\Documents\JUCE_Projects\SineWaveAdditive\Builds\VisualStudio2015\SineWaveAdditive.vcxproj" (Build target(s)).

Build succeeded.

Time Elapsed 00:00:06.32
