Build started 2/26/2017 7:51:50 PM.
     1>Project "C:\Users\Ed\Documents\JUCE_Projects\JUCE_Projects\DuelingOscillators\Builds\VisualStudio2015\DuelingOscillators.vcxproj" on node 2 (Build target(s)).
     1>ClCompile:
         C:\Program Files (x86)\Microsoft Visual Studio 14.0\VC\bin\CL.exe /c /I..\..\JuceLibraryCode /I..\..\..\..\..\..\..\..\JUCE\modules /ZI /nologo /W4 /WX- /MP /Od /Oy- /D _CRT_SECURE_NO_WARNINGS /D WIN32 /D _WINDOWS /D DEBUG /D _DEBUG /D JUCER_VS2015_78A5022=1 /D JUCE_APP_VERSION=1.0.0 /D JUCE_APP_VERSION_HEX=0x10000 /Gm- /EHsc /MTd /GS /fp:precise /Zc:wchar_t /Zc:forScope /Zc:inline /GR /Fo"Debug\\" /Fd"Debug\\vc140.pdb" /Gd /TP /analyze- /errorReport:prompt ..\..\Source\Filter.cpp ..\..\Source\MainComponent.cpp
         Filter.cpp
         MainComponent.cpp
     1>c:\users\ed\documents\juce_projects\juce_projects\duelingoscillators\source\filter.h(48): warning C4305: 'initializing': truncation from 'double' to 'const float' (compiling source file ..\..\Source\Filter.cpp)
     1>c:\users\ed\documents\juce_projects\juce_projects\duelingoscillators\source\filter.cpp(19): warning C4305: '=': truncation from 'double' to 'float'
     1>c:\users\ed\documents\juce_projects\juce_projects\duelingoscillators\source\filter.h(48): warning C4305: 'initializing': truncation from 'double' to 'const float' (compiling source file ..\..\Source\MainComponent.cpp)
     1>c:\users\ed\documents\juce_projects\juce_projects\duelingoscillators\source\filter.cpp(55): warning C4458: declaration of 'norm' hides class member
         c:\users\ed\documents\juce_projects\juce_projects\duelingoscillators\source\filter.h(46): note: see declaration of 'Filter::norm' (compiling source file ..\..\Source\Filter.cpp)
     1>c:\users\ed\documents\juce_projects\juce_projects\duelingoscillators\source\filter.cpp(60): warning C4244: '=': conversion from 'double' to 'float', possible loss of data
     1>c:\users\ed\documents\juce_projects\juce_projects\duelingoscillators\source\filter.cpp(64): warning C4244: '=': conversion from 'double' to 'float', possible loss of data
     1>c:\users\ed\documents\juce_projects\juce_projects\duelingoscillators\source\filter.cpp(65): warning C4244: '=': conversion from 'double' to 'float', possible loss of data
     1>c:\users\ed\documents\juce_projects\juce_projects\duelingoscillators\source\filter.cpp(71): warning C4244: '=': conversion from 'double' to 'float', possible loss of data
     1>c:\users\ed\documents\juce_projects\juce_projects\duelingoscillators\source\filter.cpp(72): warning C4244: '=': conversion from 'double' to 'float', possible loss of data
     1>c:\users\ed\documents\juce_projects\juce_projects\duelingoscillators\source\filter.cpp(74): warning C4244: '=': conversion from 'double' to 'float', possible loss of data
     1>c:\users\ed\documents\juce_projects\juce_projects\duelingoscillators\source\filter.cpp(77): warning C4244: '=': conversion from 'double' to 'float', possible loss of data
     1>c:\users\ed\documents\juce_projects\juce_projects\duelingoscillators\source\maincomponent.cpp(110): warning C4244: 'argument': conversion from 'double' to 'float', possible loss of data
     1>c:\users\ed\documents\juce_projects\juce_projects\duelingoscillators\source\filter.cpp(78): warning C4244: '=': conversion from 'double' to 'float', possible loss of data
     1>c:\users\ed\documents\juce_projects\juce_projects\duelingoscillators\source\maincomponent.cpp(101): warning C4100: 'samplesPerBlockExpected': unreferenced formal parameter
     1>c:\users\ed\documents\juce_projects\juce_projects\duelingoscillators\source\filter.cpp(80): warning C4244: 'return': conversion from 'double' to 'float', possible loss of data
     1>c:\users\ed\documents\juce_projects\juce_projects\duelingoscillators\source\maincomponent.cpp(131): warning C4244: '=': conversion from 'const double' to 'float', possible loss of data
     1>c:\users\ed\documents\juce_projects\juce_projects\duelingoscillators\source\maincomponent.cpp(175): warning C4244: 'argument': conversion from 'double' to 'float', possible loss of data
     1>c:\users\ed\documents\juce_projects\juce_projects\duelingoscillators\source\maincomponent.cpp(181): warning C4100: 'g': unreferenced formal parameter
     1>c:\users\ed\documents\juce_projects\juce_projects\duelingoscillators\source\maincomponent.cpp(153): warning C4706: assignment within conditional expression
     1>c:\users\ed\documents\juce_projects\juce_projects\duelingoscillators\source\maincomponent.cpp(158): warning C4706: assignment within conditional expression
     1>c:\users\ed\documents\juce_projects\juce_projects\duelingoscillators\source\maincomponent.cpp(163): warning C4706: assignment within conditional expression
     1>c:\users\ed\documents\juce_projects\juce_projects\duelingoscillators\source\maincomponent.cpp(168): warning C4706: assignment within conditional expression
     1>c:\users\ed\documents\juce_projects\juce_projects\duelingoscillators\source\maincomponent.cpp(173): warning C4706: assignment within conditional expression
       Link:
         C:\Program Files (x86)\Microsoft Visual Studio 14.0\VC\bin\link.exe /ERRORREPORT:PROMPT /OUT:"C:\Users\Ed\Documents\JUCE_Projects\JUCE_Projects\DuelingOscillators\Builds\VisualStudio2015\Debug\\DuelingOscillators.exe" /NOLOGO kernel32.lib user32.lib gdi32.lib winspool.lib comdlg32.lib advapi32.lib shell32.lib ole32.lib oleaut32.lib uuid.lib odbc32.lib odbccp32.lib /NODEFAULTLIB:libcmt.lib /NODEFAULTLIB:msvcrt.lib /MANIFEST /MANIFESTUAC:"level='asInvoker' uiAccess='false'" /manifest:embed /Debug /PDB:"Debug\\DuelingOscillators.pdb" /SUBSYSTEM:WINDOWS /LARGEADDRESSAWARE /TLBID:1 /DYNAMICBASE /NXCOMPAT /IMPLIB:"C:\Users\Ed\Documents\JUCE_Projects\JUCE_Projects\DuelingOscillators\Builds\VisualStudio2015\Debug\DuelingOscillators.lib" /MACHINE:X86 /SAFESEH:NO Debug\resources.res
         Debug\\OscillatorLayoutComponent.obj
         Debug\\LayoutComponent.obj
         Debug\\Oscillator.obj
         Debug\\MainComponent.obj
         Debug\\Main.obj
         Debug\\Filter.obj
         Debug\\juce_audio_basics.obj
         Debug\\juce_audio_devices.obj
         Debug\\juce_audio_formats.obj
         Debug\\juce_audio_processors.obj
         Debug\\juce_audio_utils.obj
         Debug\\juce_core.obj
         Debug\\juce_cryptography.obj
         Debug\\juce_data_structures.obj
         Debug\\juce_events.obj
         Debug\\juce_graphics.obj
         Debug\\juce_gui_basics.obj
         Debug\\juce_gui_extra.obj
         Debug\\juce_opengl.obj
         Debug\\juce_video.obj
         DuelingOscillators.vcxproj -> C:\Users\Ed\Documents\JUCE_Projects\JUCE_Projects\DuelingOscillators\Builds\VisualStudio2015\Debug\DuelingOscillators.exe
     1>Done Building Project "C:\Users\Ed\Documents\JUCE_Projects\JUCE_Projects\DuelingOscillators\Builds\VisualStudio2015\DuelingOscillators.vcxproj" (Build target(s)).

Build succeeded.

Time Elapsed 00:00:05.08
