c:\users\ed\documents\juce_projects\juce_projects\duelingoscillators\builds\visualstudio2015\debug\main.obj
c:\users\ed\documents\juce_projects\juce_projects\duelingoscillators\builds\visualstudio2015\debug\juce_events.obj
c:\users\ed\documents\juce_projects\juce_projects\duelingoscillators\builds\visualstudio2015\debug\juce_opengl.obj
c:\users\ed\documents\juce_projects\juce_projects\duelingoscillators\builds\visualstudio2015\debug\juce_audio_formats.obj
c:\users\ed\documents\juce_projects\juce_projects\duelingoscillators\builds\visualstudio2015\debug\juce_video.obj
c:\users\ed\documents\juce_projects\juce_projects\duelingoscillators\builds\visualstudio2015\debug\oscillator.obj
c:\users\ed\documents\juce_projects\juce_projects\duelingoscillators\builds\visualstudio2015\debug\juce_cryptography.obj
c:\users\ed\documents\juce_projects\juce_projects\duelingoscillators\builds\visualstudio2015\debug\juce_gui_basics.obj
c:\users\ed\documents\juce_projects\juce_projects\duelingoscillators\builds\visualstudio2015\debug\juce_audio_processors.obj
c:\users\ed\documents\juce_projects\juce_projects\duelingoscillators\builds\visualstudio2015\debug\juce_audio_devices.obj
c:\users\ed\documents\juce_projects\juce_projects\duelingoscillators\builds\visualstudio2015\debug\juce_graphics.obj
c:\users\ed\documents\juce_projects\juce_projects\duelingoscillators\builds\visualstudio2015\debug\layoutcomponent.obj
c:\users\ed\documents\juce_projects\juce_projects\duelingoscillators\builds\visualstudio2015\debug\juce_data_structures.obj
c:\users\ed\documents\juce_projects\juce_projects\duelingoscillators\builds\visualstudio2015\debug\juce_gui_extra.obj
c:\users\ed\documents\juce_projects\juce_projects\duelingoscillators\builds\visualstudio2015\debug\juce_audio_basics.obj
c:\users\ed\documents\juce_projects\juce_projects\duelingoscillators\builds\visualstudio2015\debug\juce_audio_utils.obj
c:\users\ed\documents\juce_projects\juce_projects\duelingoscillators\builds\visualstudio2015\debug\oscillatorlayoutcomponent.obj
c:\users\ed\documents\juce_projects\juce_projects\duelingoscillators\builds\visualstudio2015\debug\juce_core.obj
c:\users\ed\documents\juce_projects\juce_projects\duelingoscillators\builds\visualstudio2015\debug\maincomponent.obj
c:\users\ed\documents\juce_projects\juce_projects\duelingoscillators\builds\visualstudio2015\debug\duelingoscillators.ilk
c:\users\ed\documents\juce_projects\juce_projects\duelingoscillators\builds\visualstudio2015\debug\duelingoscillators.exe
c:\users\ed\documents\juce_projects\juce_projects\duelingoscillators\builds\visualstudio2015\debug\duelingoscillators.pdb
c:\users\ed\documents\juce_projects\juce_projects\duelingoscillators\builds\visualstudio2015\debug\resources.res
c:\users\ed\documents\juce_projects\juce_projects\duelingoscillators\builds\visualstudio2015\debug\vc140.idb
c:\users\ed\documents\juce_projects\juce_projects\duelingoscillators\builds\visualstudio2015\debug\vc140.pdb
c:\users\ed\documents\juce_projects\juce_projects\duelingoscillators\builds\visualstudio2015\debug\duelingo.366ab49e.tlog\cl.command.1.tlog
c:\users\ed\documents\juce_projects\juce_projects\duelingoscillators\builds\visualstudio2015\debug\duelingo.366ab49e.tlog\cl.read.1.tlog
c:\users\ed\documents\juce_projects\juce_projects\duelingoscillators\builds\visualstudio2015\debug\duelingo.366ab49e.tlog\cl.write.1.tlog
c:\users\ed\documents\juce_projects\juce_projects\duelingoscillators\builds\visualstudio2015\debug\duelingo.366ab49e.tlog\link.command.1.tlog
c:\users\ed\documents\juce_projects\juce_projects\duelingoscillators\builds\visualstudio2015\debug\duelingo.366ab49e.tlog\link.read.1.tlog
c:\users\ed\documents\juce_projects\juce_projects\duelingoscillators\builds\visualstudio2015\debug\duelingo.366ab49e.tlog\link.write.1.tlog
c:\users\ed\documents\juce_projects\juce_projects\duelingoscillators\builds\visualstudio2015\debug\duelingo.366ab49e.tlog\rc.command.1.tlog
c:\users\ed\documents\juce_projects\juce_projects\duelingoscillators\builds\visualstudio2015\debug\duelingo.366ab49e.tlog\rc.read.1.tlog
c:\users\ed\documents\juce_projects\juce_projects\duelingoscillators\builds\visualstudio2015\debug\duelingo.366ab49e.tlog\rc.write.1.tlog
