Build started 4/4/2017 1:45:06 AM.
     1>Project "C:\Users\Ed\Documents\JUCE_Projects\JUCE_Projects\Time-Based\Builds\VisualStudio2015\Time-Based.vcxproj" on node 2 (Build target(s)).
     1>ClCompile:
         C:\Program Files (x86)\Microsoft Visual Studio 14.0\VC\bin\x86_amd64\CL.exe /c /I..\..\JuceLibraryCode /I..\..\..\..\..\..\..\..\JUCE\modules /Zi /nologo /W4 /WX- /MP /Od /D _CRT_SECURE_NO_WARNINGS /D WIN32 /D _WINDOWS /D DEBUG /D _DEBUG /D JUCER_VS2015_78A5022=1 /D JUCE_APP_VERSION=1.0.0 /D JUCE_APP_VERSION_HEX=0x10000 /D _WINDLL /Gm- /EHsc /MDd /GS /fp:precise /Zc:wchar_t /Zc:forScope /Zc:inline /GR /Fo"x64\Debug\\" /Fd"x64\Debug\\vc140.pdb" /Gd /TP /errorReport:prompt ..\..\Source\SimpleDelay.cpp ..\..\Source\PluginProcessor.cpp ..\..\Source\PluginEditor.cpp ..\..\JuceLibraryCode\juce_audio_basics.cpp ..\..\JuceLibraryCode\juce_audio_devices.cpp ..\..\JuceLibraryCode\juce_audio_formats.cpp ..\..\JuceLibraryCode\juce_audio_plugin_client_utils.cpp ..\..\JuceLibraryCode\juce_audio_plugin_client_VST2.cpp ..\..\JuceLibraryCode\juce_audio_processors.cpp ..\..\JuceLibraryCode\juce_core.cpp ..\..\JuceLibraryCode\juce_cryptography.cpp ..\..\JuceLibraryCode\juce_data_structures.cpp ..\..\JuceLibraryCode\juce_events.cpp ..\..\JuceLibraryCode\juce_graphics.cpp ..\..\JuceLibraryCode\juce_gui_basics.cpp ..\..\JuceLibraryCode\juce_gui_extra.cpp ..\..\JuceLibraryCode\juce_opengl.cpp ..\..\JuceLibraryCode\juce_video.cpp
         SimpleDelay.cpp
         PluginProcessor.cpp
         PluginEditor.cpp
         juce_audio_basics.cpp
         juce_audio_devices.cpp
         juce_audio_formats.cpp
         juce_audio_plugin_client_utils.cpp
         juce_audio_plugin_client_VST2.cpp
     1>..\..\Source\SimpleDelay.cpp(35): warning C4244: '=': conversion from 'double' to 'int', possible loss of data
     1>..\..\Source\SimpleDelay.cpp(59): warning C4244: '=': conversion from 'double' to 'int', possible loss of data
         juce_audio_processors.cpp
     1>..\..\Source\PluginProcessor.cpp(32): warning C4996: 'juce::AudioProcessor::getNumInputChannels': was declared deprecated
         c:\juce\modules\juce_audio_processors\processors/juce_AudioProcessor.h(1289): note: see declaration of 'juce::AudioProcessor::getNumInputChannels'
     1>..\..\Source\PluginProcessor.cpp(78): warning C4100: 'index': unreferenced formal parameter
     1>..\..\Source\PluginProcessor.cpp(82): warning C4100: 'index': unreferenced formal parameter
     1>..\..\Source\PluginProcessor.cpp(87): warning C4100: 'newName': unreferenced formal parameter
     1>..\..\Source\PluginProcessor.cpp(87): warning C4100: 'index': unreferenced formal parameter
     1>..\..\Source\PluginProcessor.cpp(94): warning C4996: 'juce::AudioProcessor::getNumInputChannels': was declared deprecated
         c:\juce\modules\juce_audio_processors\processors/juce_AudioProcessor.h(1289): note: see declaration of 'juce::AudioProcessor::getNumInputChannels'
     1>..\..\Source\PluginProcessor.cpp(96): warning C4996: 'juce::AudioProcessor::getNumInputChannels': was declared deprecated
         c:\juce\modules\juce_audio_processors\processors/juce_AudioProcessor.h(1289): note: see declaration of 'juce::AudioProcessor::getNumInputChannels'
     1>..\..\Source\PluginProcessor.cpp(92): warning C4100: 'samplesPerBlock': unreferenced formal parameter
     1>..\..\Source\PluginProcessor.cpp(146): warning C4244: 'initializing': conversion from 'double' to 'float', possible loss of data
     1>..\..\Source\PluginProcessor.cpp(146): warning C4244: 'initializing': conversion from 'double' to 'const float', possible loss of data
     1>..\..\Source\PluginProcessor.cpp(132): warning C4100: 'midiMessages': unreferenced formal parameter
     1>..\..\Source\PluginProcessor.cpp(159): warning C4996: 'juce::AudioProcessor::getNumInputChannels': was declared deprecated
         c:\juce\modules\juce_audio_processors\processors/juce_AudioProcessor.h(1289): note: see declaration of 'juce::AudioProcessor::getNumInputChannels'
     1>..\..\Source\PluginProcessor.cpp(167): warning C4996: 'juce::AudioProcessor::getNumInputChannels': was declared deprecated
         c:\juce\modules\juce_audio_processors\processors/juce_AudioProcessor.h(1289): note: see declaration of 'juce::AudioProcessor::getNumInputChannels'
     1>..\..\Source\PluginProcessor.cpp(184): warning C4100: 'destData': unreferenced formal parameter
     1>..\..\Source\PluginProcessor.cpp(191): warning C4100: 'sizeInBytes': unreferenced formal parameter
     1>..\..\Source\PluginProcessor.cpp(191): warning C4100: 'data': unreferenced formal parameter
         juce_core.cpp
         juce_cryptography.cpp
         juce_data_structures.cpp
         juce_events.cpp
         juce_graphics.cpp
         juce_gui_basics.cpp
         juce_gui_extra.cpp
         juce_opengl.cpp
         juce_video.cpp
       ResourceCompile:
         C:\Program Files (x86)\Windows Kits\8.1\bin\x86\rc.exe /D _DEBUG /l"0x0409" /nologo /fo"x64\Debug\resources.res" .\resources.rc 
       Link:
         C:\Program Files (x86)\Microsoft Visual Studio 14.0\VC\bin\x86_amd64\link.exe /ERRORREPORT:PROMPT /OUT:"C:\Users\Ed\Documents\JUCE_Projects\JUCE_Projects\Time-Based\Builds\VisualStudio2015\x64\Debug\\Time-Based.dll" /NOLOGO kernel32.lib user32.lib gdi32.lib winspool.lib comdlg32.lib advapi32.lib shell32.lib ole32.lib oleaut32.lib uuid.lib odbc32.lib odbccp32.lib /NODEFAULTLIB:libcmt.lib /NODEFAULTLIB:msvcrt.lib /MANIFEST /MANIFESTUAC:"level='asInvoker' uiAccess='false'" /manifest:embed /Debug /PDB:"x64\Debug\\Time-Based.pdb" /SUBSYSTEM:WINDOWS /LARGEADDRESSAWARE /TLBID:1 /DYNAMICBASE /NXCOMPAT /IMPLIB:"C:\Users\Ed\Documents\JUCE_Projects\JUCE_Projects\Time-Based\Builds\VisualStudio2015\x64\Debug\Time-Based.lib" /MACHINE:X64 /DLL x64\Debug\resources.res
         x64\Debug\\SimpleDelay.obj
         x64\Debug\\PluginProcessor.obj
         x64\Debug\\PluginEditor.obj
         x64\Debug\\juce_audio_basics.obj
         x64\Debug\\juce_audio_devices.obj
         x64\Debug\\juce_audio_formats.obj
         x64\Debug\\juce_audio_plugin_client_utils.obj
         x64\Debug\\juce_audio_plugin_client_VST2.obj
         x64\Debug\\juce_audio_processors.obj
         x64\Debug\\juce_core.obj
         x64\Debug\\juce_cryptography.obj
         x64\Debug\\juce_data_structures.obj
         x64\Debug\\juce_events.obj
         x64\Debug\\juce_graphics.obj
         x64\Debug\\juce_gui_basics.obj
         x64\Debug\\juce_gui_extra.obj
         x64\Debug\\juce_opengl.obj
         x64\Debug\\juce_video.obj
            Creating library C:\Users\Ed\Documents\JUCE_Projects\JUCE_Projects\Time-Based\Builds\VisualStudio2015\x64\Debug\Time-Based.lib and object C:\Users\Ed\Documents\JUCE_Projects\JUCE_Projects\Time-Based\Builds\VisualStudio2015\x64\Debug\Time-Based.exp
         Time-Based.vcxproj -> C:\Users\Ed\Documents\JUCE_Projects\JUCE_Projects\Time-Based\Builds\VisualStudio2015\x64\Debug\Time-Based.dll
     1>Done Building Project "C:\Users\Ed\Documents\JUCE_Projects\JUCE_Projects\Time-Based\Builds\VisualStudio2015\Time-Based.vcxproj" (Build target(s)).

Build succeeded.

Time Elapsed 00:00:14.97
